2025-07-29 16:36:06,287 - INFO - \U0001f7e2 MNIST Training Script Started
2025-07-29 16:36:06,287 - INFO - \U0001f4e5 Loading MNIST dataset
2025-07-29 16:36:06,813 - INFO - \U0001f9e0 Building the neural network
2025-07-29 16:36:07,075 - INFO - \U0001f4c4 Model Summary:
Model: "sequential"
\u250f\u2501\u2501\u2501\u2501\u2501\u2501\u2501\u2501\u2501\u2501\u2501\u2501\u2501\u2501\u2501\u2501\u2501\u2501\u2501\u2501\u2501\u2501\u2501\u2501\u2501\u2501\u2501\u2501\u2501\u2501\u2501\u2501\u2501\u2501\u2501\u2501\u2501\u2501\u2533\u2501\u2501\u2501\u2501\u2501\u2501\u2501\u2501\u2501\u2501\u2501\u2501\u2501\u2501\u2501\u2501\u2501\u2501\u2501\u2501\u2501\u2501\u2501\u2501\u2501\u2501\u2501\u2501\u2501\u2533\u2501\u2501\u2501\u2501\u2501\u2501\u2501\u2501\u2501\u2501\u2501\u2501\u2501\u2501\u2501\u2501\u2501\u2513
\u2503 Layer (type)                         \u2503 Output Shape                \u2503         Param # \u2503
\u2521\u2501\u2501\u2501\u2501\u2501\u2501\u2501\u2501\u2501\u2501\u2501\u2501\u2501\u2501\u2501\u2501\u2501\u2501\u2501\u2501\u2501\u2501\u2501\u2501\u2501\u2501\u2501\u2501\u2501\u2501\u2501\u2501\u2501\u2501\u2501\u2501\u2501\u2501\u2547\u2501\u2501\u2501\u2501\u2501\u2501\u2501\u2501\u2501\u2501\u2501\u2501\u2501\u2501\u2501\u2501\u2501\u2501\u2501\u2501\u2501\u2501\u2501\u2501\u2501\u2501\u2501\u2501\u2501\u2547\u2501\u2501\u2501\u2501\u2501\u2501\u2501\u2501\u2501\u2501\u2501\u2501\u2501\u2501\u2501\u2501\u2501\u2529
\u2502 dense (Dense)                        \u2502 (None, 128)                 \u2502         100,480 \u2502
\u251c\u2500\u2500\u2500\u2500\u2500\u2500\u2500\u2500\u2500\u2500\u2500\u2500\u2500\u2500\u2500\u2500\u2500\u2500\u2500\u2500\u2500\u2500\u2500\u2500\u2500\u2500\u2500\u2500\u2500\u2500\u2500\u2500\u2500\u2500\u2500\u2500\u2500\u2500\u253c\u2500\u2500\u2500\u2500\u2500\u2500\u2500\u2500\u2500\u2500\u2500\u2500\u2500\u2500\u2500\u2500\u2500\u2500\u2500\u2500\u2500\u2500\u2500\u2500\u2500\u2500\u2500\u2500\u2500\u253c\u2500\u2500\u2500\u2500\u2500\u2500\u2500\u2500\u2500\u2500\u2500\u2500\u2500\u2500\u2500\u2500\u2500\u2524
\u2502 dense_1 (Dense)                      \u2502 (None, 64)                  \u2502           8,256 \u2502
\u251c\u2500\u2500\u2500\u2500\u2500\u2500\u2500\u2500\u2500\u2500\u2500\u2500\u2500\u2500\u2500\u2500\u2500\u2500\u2500\u2500\u2500\u2500\u2500\u2500\u2500\u2500\u2500\u2500\u2500\u2500\u2500\u2500\u2500\u2500\u2500\u2500\u2500\u2500\u253c\u2500\u2500\u2500\u2500\u2500\u2500\u2500\u2500\u2500\u2500\u2500\u2500\u2500\u2500\u2500\u2500\u2500\u2500\u2500\u2500\u2500\u2500\u2500\u2500\u2500\u2500\u2500\u2500\u2500\u253c\u2500\u2500\u2500\u2500\u2500\u2500\u2500\u2500\u2500\u2500\u2500\u2500\u2500\u2500\u2500\u2500\u2500\u2524
\u2502 dense_2 (Dense)                      \u2502 (None, 10)                  \u2502             650 \u2502
\u2514\u2500\u2500\u2500\u2500\u2500\u2500\u2500\u2500\u2500\u2500\u2500\u2500\u2500\u2500\u2500\u2500\u2500\u2500\u2500\u2500\u2500\u2500\u2500\u2500\u2500\u2500\u2500\u2500\u2500\u2500\u2500\u2500\u2500\u2500\u2500\u2500\u2500\u2500\u2534\u2500\u2500\u2500\u2500\u2500\u2500\u2500\u2500\u2500\u2500\u2500\u2500\u2500\u2500\u2500\u2500\u2500\u2500\u2500\u2500\u2500\u2500\u2500\u2500\u2500\u2500\u2500\u2500\u2500\u2534\u2500\u2500\u2500\u2500\u2500\u2500\u2500\u2500\u2500\u2500\u2500\u2500\u2500\u2500\u2500\u2500\u2500\u2518
 Total params: 109,386 (427.29 KB)
 Trainable params: 109,386 (427.29 KB)
 Non-trainable params: 0 (0.00 B)


2025-07-29 16:36:07,075 - INFO - \U0001f3cb\ufe0f Starting training...
2025-07-29 16:36:38,714 - INFO - \u2705 Training complete
2025-07-29 16:36:38,715 - INFO - \U0001f4ca Evaluating model on test set
2025-07-29 16:36:39,565 - INFO - \U0001f3af Test accuracy: 0.9766
2025-07-29 16:36:39,565 - INFO - \U0001f50e Running predictions on 5 test images
2025-07-29 16:36:51,626 - INFO - \U0001f4be Keras model saved as 'my_model.keras' (1306.70 KB)
2025-07-29 16:36:51,626 - INFO - \U0001f9e0 Estimated memory usage for weights: 427.29 KB
2025-07-29 16:36:51,626 - INFO - \u2699\ufe0f Converting to quantized TFLite model...
2025-07-29 16:36:51,734 - INFO - Function `function` contains input name(s) resource with unsupported characters which will be renamed to sequential_1_dense_2_1_biasadd_readvariableop_resource in the SavedModel.
2025-07-29 16:36:51,821 - INFO - Function `function` contains input name(s) resource with unsupported characters which will be renamed to sequential_1_dense_2_1_biasadd_readvariableop_resource in the SavedModel.
2025-07-29 16:36:52,028 - INFO - Assets written to: C:\Users\heman\AppData\Local\Temp\tmpm59lhi1u\assets
2025-07-29 16:36:52,647 - INFO - \U0001f4e6 Quantized TFLite model saved as 'model_quantized.tflite' (113.64 KB)
2025-07-29 16:36:52,649 - INFO - \u2705 Script completed successfully.
